176.8125
31.4375
11.6875
176.8125
31.4375
11.6875
176.625
30.25
11.9375
176.5
29.125
12.125
176.5
28
12.25
176.5625
26.8125
12.3125
176.5625
26.8125
12.3125
176.6875
25.375
12.3125
176.8125
23.625
12.375
177
21.6875
12.4375
177.125
19.75
12.5625
177.125
19.75
12.5625
177.25
17.8125
12.75
177.1875
15.875
13.0625
177
13.75
13.375
177
13.75
13.375
176.875
11.625
13.6875
176.625
9.6875
14
176.4375
7.8125
14.3125
176.3125
5.75
14.5625
176.3125
3.5625
14.8125
176.3125
3.5625
14.8125
176.5
1.4375
15
176.8125
-0.4375
15.0625
177.0625
-2.125
15
177.25
-3.5625
14.875
177.25
-3.5625
14.875
177.375
-5
14.75
177.375
-6.5625
14.625
177.3125
-8.25
14.625
177.4375
-10.25
14.625
177.4375
-10.25
14.625
177.625
-12.4375
14.75
178
-14.8125
14.8125
178.5625
-17.25
14.875
178.5625
-17.25
14.875
179.25
-19.8125
15
179.9375
-22.375
15
-179.25
-24.75
14.9375
-178.625
-26.6875
14.9375
-178.625
-26.6875
14.9375
-178.125
-28.375
15.0625
-177.75
-29.6875
15.1875
-177.6875
-30.75
15.4375
-177.5625
-31.625
15.75
-177.5625
-31.625
15.75
-177.3125
-32.5
15.9375
-177.1875
-33.5625
16.125
-177
-34.6875
16.25
-176.75
-35.875
16.3125
-176.75
-35.875
16.3125
-176.375
-37.125
16.3125
-175.875
-38.375
16.25
-175.3125
-39.625
16.1875
-175.3125
-39.625
16.1875
-174.6875
-40.9375
16.125
-174.1875
-42.25
16.1875
-173.75
-43.5
16.25
-173.5
-44.6875
3.25
-173.5
-44.6875
3.25
-173.3125
-45.875
3.4375
-173.0625
-47
3.375
-172.6875
-48
3
-172.1875
-49.0625
2.3125
-171.5
-50.375
1.4375
-171.5
-50.375
1.4375
-170.5
-52
0.3125
-169.25
-53.8125
359.1875
-167.9375
-55.75
358.25
-167.9375
-55.75
358.25
-166.6875
-57.375
357.4375
-165.9375
-58.5
356.875
-165.375
-59.5
356.5625
-164.8125
-60.4375
356.25
-164.8125
-60.4375
356.25
-164.1875
-61.375
355.875
-163.375
-62.5
355.4375
-162.125
-63.75
354.625
-160.375
-65.0625
353.5
-160.375
-65.0625
353.5
-158.25
-66.4375
352.0625
-155.6875
-68
350.625
-152.9375
-69.5
349.4375
-150.5
-70.6875
348.5
-150.5
-70.6875
348.5
-148.8125
-71.4375
348
-148.1875
-71.75
348
-148.5
-71.8125
348.25
-149.375
-71.75
348.75
-149.375
-71.75
348.75
-150.1875
-71.625
349.25
-150.75
-71.5
349.5
-151
-71.5
349.5625
-151.125
-71.4375
349.5625
-151.125
-71.4375
349.5625
-151.25
-71.3125
349.4375
-151.4375
-71.0625
349.1875
-152
-70.75
349.1875
-152
-70.75
349.1875
-152.9375
-70.3125
349.375
-154.4375
-69.625
349.6875
-156.0625
-68.8125
350.1875
-157.5
-68
350.625
-157.5
-68
350.625
-158.8125
-67.125
350.875
-160
-66.125
351
-161.125
-65
351
-162.375
-63.625
350.9375
-162.375
-63.625
350.9375
-163.625
-62.125
350.875
-164.875
-60.625
350.6875
-166.125
-58.9375
350.5625
-167.5625
-56.9375
350.625
-167.5625
-56.9375
350.625
-168.9375
-54.6875
350.9375
-170.1875
-52.375
351.375
-171.125
-50.0625
351.5625
-171.6875
-48
351.375
-171.6875
-48
351.375
-171.9375
-46.375
350.9375
-172.1875
-44.6875
350.6875
-172.6875
-42.8125
6.4375
-173.3125
-40.875
6.5625
-173.3125
-40.875
6.5625
-174.0625
-38.9375
6.6875
-174.8125
-37.25
6.8125
-175.5
-35.5
6.9375
-176.0625
-33.8125
7.0625
-176.0625
-33.8125
7.0625
-176.5
-32.125
5.1875
-176.9375
-30.4375
5.4375
-177.1875
-28.9375
5.6875
-177.375
-27.3125
5.9375
-177.375
-27.3125
5.9375
-177.625
-25.625
6.125
-177.9375
-24
4.4375
-178.3125
-22.4375
4.5625
-178.75
-20.75
4.6875
-178.75
-20.75
4.6875
-179.1875
-19.125
4.8125
-179.5
-17.5
5
-179.8125
-15.875
3.8125
-179.8125
-15.875
3.8125
-179.9375
-14.3125
4.0625
179.9375
-12.6875
4.375
179.875
-10.875
4.6875
179.6875
-9.0625
4.9375
179.6875
-9.0625
4.9375
179.375
-7.25
4.125
179
-5.6875
4.25
178.6875
-4.3125
4.3125
178.375
-3.0625
4.25
178.375
-3.0625
4.25
178.1875
-2.0625
4.125
178.0625
-1.1875
2.6875
178
-0.25
2.6875
177.9375
0.9375
2.75
177.9375
0.9375
2.75
177.875
2.3125
2.8125
177.625
3.8125
2.9375
177.3125
5.4375
1.4375
177.3125
5.4375
1.4375
176.875
7.1875
1.4375
176.625
9
1.25
176.5625
10.625
0.875
176.6875
11.8125
0.4375
176.6875
11.8125
0.4375
177.125
12.5
0.0625
177.625
13
359.875
177.9375
13.5625
359.875
177.9375
14.375
0
177.8125
15.4375
0.1875
177.8125
15.4375
0.1875
177.625
16.625
0.3125
177.4375
17.875
0.3125
177.3125
19.0625
0.25
177.375
20.125
0.125
177.375
20.125
0.125
177.5625
20.8125
0.1875
177.6875
21.375
0.3125
177.8125
21.9375
0.5
177.8125
21.9375
0.5
177.875
22.625
0.6875
177.8125
23.3125
0.875
177.75
24.25
0.875
177.625
25.3125
0.875
177.625
25.3125
0.875
177.5
26.4375
0.75
177.4375
27.375
0.5625
177.4375
28.0625
0.5
177.375
28.625
0.5
177.375
28.625
0.5
177.375
29.125
0.625
177.3125
29.6875
0.75
177.375
30.3125
0.875
177.4375
30.9375
0.875
177.4375
30.9375
0.875
177.5
31.625
0.8125
177.5625
32.3125
0.625
177.5625
32.75
0.5
177.625
32.9375
0.3125
177.625
32.9375
0.3125
177.75
32.9375
0.25
177.875
33
0.1875
177.9375
33.1875
0.25
177.9375
33.1875
0.25
178.0625
33.375
0.3125
178.1875
33.625
0.4375
178.25
33.875
0.4375
178.375
34.0625
0.375
178.375
34.0625
0.375
178.4375
34.25
0.3125
178.5625
34.3125
0.1875
178.625
34.3125
0.0625
178.75
34.3125
0
178.875
34.375
359.9375
178.875
34.375
359.9375
178.9375
34.5
359.875
178.9375
34.625
359.9375
178.8125
34.875
359.9375
178.8125
34.875
359.9375
178.75
35.1875
0
178.625
35.5
0
178.625
35.75
0
178.625
35.8125
359.9375
178.625
35.8125
359.9375
178.625
35.625
359.875
178.6875
35.25
359.875
178.6875
34.6875
359.875
178.6875
34
359.9375
178.6875
34
359.9375
178.625
33.0625
0
178.5
31.9375
0.125
178.4375
30.8125
0.1875
178.4375
29.75
0.1875
178.4375
29.75
0.1875
178.4375
28.375
0.25
178.5
26.5
0.25
178.5625
24.0625
0.375
178.75
21.3125
0.5
178.75
21.3125
0.5
179.0625
18.25
0.625
179.4375
15.125
0.8125
179.8125
12.1875
1
-179.6875
9.625
1.25
-179.6875
9.625
1.25
-179.25
7.375
1.5
-178.9375
5.25
1.75
-178.6875
3.3125
1.9375
-178.6875
3.3125
1.9375
-178.5
1.25
2.1875
-178.375
-0.75
2.5
-178.3125
-2.8125
2.875
-178.25
-4.875
3.375
-178.25
-4.875
3.375
-178.125
-6.8125
3.8125
-177.9375
-8.5
4.125
-177.625
-10.1875
4.375
-177.25
-11.6875
4.5625
-177.25
-11.6875
4.5625
-176.75
-13.0625
4.625
-176.25
-14.3125
4.5625
-175.75
-15.5625
4.4375
-175.5
-16.875
4.4375
-175.5
-16.875
4.4375
-175.25
-18.1875
4.5
-175
-19.4375
4.6875
-174.75
-20.625
4.875
-174.375
-21.875
5
-174.375
-21.875
5
-173.9375
-23.1875
5.125
-173.625
-24.3125
5.0625
-173.5625
-25.1875
5
-173.5625
-25.1875
5
-173.375
-26
4.875
-173.0625
-26.8125
4.75
-172.9375
-27.5625
4.625
-172.875
-28.25
4.5625
-172.875
-28.8125
4.5625
-172.875
-28.8125
4.5625
-172.9375
-29.3125
4.625
-173
-29.8125
4.75
-172.875
-30.4375
4.75
-172.75
-31.125
4.75
-172.75
-31.125
4.75
-172.625
-31.8125
4.625
-172.375
-32.4375
4.5
-172.0625
-33.1875
4.4375
-171.75
-34
4.3125
-171.75
-34
4.3125
-171.5625
-34.6875
4.1875
-171.5625
-35.4375
4.1875
-171.625
-36.25
4.1875
-171.625
-36.25
4.1875
-171.75
-37.1875
4.125
-171.75
-38.1875
3.9375
-171.5625
-39.1875
3.625
-171.1875
-40.1875
3.25
-171.1875
-40.1875
3.25
-170.625
-41.3125
2.875
-169.875
-42.5
2.625
-169.125
-43.6875
2.3125
-168.5
-44.75
339.25
-168.5
-44.75
339.25
-167.75
-45.8125
338.3125
-167.125
-46.875
337.4375
-166.5625
-47.9375
336.8125
-166
-49.0625
336.375
-166
-49.0625
336.375
-165.4375
-50.1875
336
-164.9375
-51.0625
335.75
-164.375
-51.9375
334
-164.375
-51.9375
334
-163.875
-52.8125
333.75
-163.4375
-53.6875
333.5625
-162.9375
-54.5
333.375
-162.625
-55.1875
333.1875
-162.625
-55.1875
333.1875
-162.3125
-55.875
331.875
-161.875
-56.5625
331.625
-161.375
-57.25
331.375
-160.875
-57.9375
331.125
-160.375
-58.5625
330.9375
-160.375
-58.5625
330.9375
-160.1875
-59.0625
329.75
-160.125
-59.5625
329.9375
-160.125
-60.125
330.0625
-160
-60.625
330.25
-160
-60.625
330.25
-159.875
-61
330.5
-159.6875
-61.375
329.8125
-159.375
-61.8125
329.75
-159.375
-61.8125
329.75
-159.125
-62.1875
329.75
-159.0625
-62.625
329.75
-159.0625
-62.9375
329.8125
-159.125
-63.1875
329.125
-159.125
-63.1875
329.125
-159.1875
-63.4375
329.1875
-159.125
-63.6875
329.1875
-159
-63.875
329.1875
-158.75
-64.0625
329.25
-158.75
-64.0625
329.25
-158.5
-64.1875
328.5625
-158.4375
-64.3125
328.6875
-158.5
-64.5
328.8125
-158.75
-64.625
329
-158.75
-64.625
329
-159
-64.625
329.1875
-159.3125
-64.5625
328.6875
-159.625
-64.3125
328.8125
-160
-63.875
328.875
-160
-63.875
328.875
-160.3125
-63.125
328.75
-160.6875
-62.25
328.4375
-161.25
-61.375
327.8125
-161.25
-61.375
327.8125
-161.75
-60.5
327.4375
-162.125
-59.75
327.0625
-162.5625
-59.125
326.9375
-162.9375
-58.375
326.875
-162.9375
-58.375
326.875
-163.3125
-57.5625
325.9375
-163.75
-56.4375
325.6875
-164.1875
-54.9375
325.375
-164.625
-52.875
324.6875
-165.0625
-50.5625
323.5
-165.0625
-50.5625
323.5
-165.25
-48.1875
321.625
-165.3125
-46.25
319.625
-165.375
-45.125
318.3125
-165.375
-45.125
318.3125
-165.8125
-44.8125
318.8125
-166.1875
-44.6875
319.3125
-166.3125
-44.625
318.5625
-166.3125
-44.625
318.5625
-166.1875
-44.5
318.25
-166.0625
-44.4375
317.8125
-165.9375
-44.3125
317.375
-165.9375
-44.0625
317
-165.9375
-44.0625
317
-166.0625
-43.5625
316.1875
-166.4375
-42.6875
344.375
-167.1875
-41.3125
344.4375
-168
-39.5625
344.625
-168.75
-37.75
344.9375
-168.75
-37.75
344.9375
-169.25
-36.3125
344.875
-169.4375
-35.25
344.9375
-169.625
-34.1875
345
-169.8125
-33.1875
345
-169.8125
-33.1875
345
-170.0625
-32.1875
344.9375
-170.375
-31.0625
344.625
-170.9375
-29.625
344.625
-171.6875
-27.6875
344.75
-171.6875
-27.6875
344.75
-172.5625
-25.3125
344.9375
-173.3125
-22.5
345.25
-174
-19.375
345.625
-174
-19.375
345.625
-174.5
-16.1875
345.9375
-174.875
-13.25
346.0625
-175.125
-10.875
345.9375
-175.3125
-9.125
345.75
-175.3125
-9.125
345.75
-175.5
-7.6875
345.3125
-175.75
-6.375
345.1875
-176
-4.9375
345.1875
-176.3125
-3.25
345.25
-176.3125
-3.25
345.25
-176.625
-1.375
345.4375
-176.875
0.625
345.625
-177
2.625
345.8125
-177.0625
4.25
345.75
-177.0625
4.25
345.75
-177
5.125
345.5
-177
5.5625
345.1875
-176.9375
5.6875
344.5
-176.9375
5.6875
344.5
-176.9375
5.9375
344.4375
-177.0625
6.75
344.625
-177.1875
8
344.9375
-177.375
9.75
345.3125
-177.375
9.75
345.3125
-177.625
11.75
345.75
-177.8125
14
346.0625
-177.9375
16.125
346.0625
-178
17.6875
345.9375
-178.125
18.6875
345.75
-178.125
18.6875
345.75
-178.3125
19.5
345.8125
-178.625
20.4375
346.0625
-178.875
21.75
346.375
-179.1875
23.5
346.8125
-179.1875
23.5
346.8125
-179.4375
25.5625
347.25
-179.625
27.875
347.625
-179.75
30.1875
347.75
-179.875
32.1875
347.8125
-179.875
32.1875
347.8125
179.875
33.6875
347.75
179.75
34.5625
347.625
179.625
35.125
347.5625
179.625
35.125
347.5625
179.5
35.625
347.625
179.375
36.125
347.6875
179.4375
36.75
347.75
179.5625
37.375
347.75
179.5625
37.375
347.75
179.6875
38
347.6875
179.875
38.75
347.5625
-179.9375
39.5
347.375
-179.875
40
347.1875
-179.875
40
347.1875
-179.875
40.25
347.0625
-179.8125
40.3125
347
-179.6875
40.4375
347
-179.5625
40.6875
347
-179.5625
40.6875
347
-179.3125
41.125
346.9375
-179.125
41.5625
346.9375
-179.0625
42.125
347
-179.0625
42.125
347
-179
42.75
347.0625
-179.125
43.375
347.1875
-179.3125
44
347.375
-179.5
44.4375
347.5
-179.5
44.4375
347.5
-179.625
44.625
347.625
-179.625
44.8125
347.75
-179.4375
45
348.75
-179.25
45.0625
349.1875
-179
45.0625
349.5625
-179
45.0625
349.5625
-178.875
45.0625
349.8125
-178.8125
45.0625
349.9375
-178.9375
45.0625
349.75
-179.25
45.1875
349.3125
-179.25
45.1875
349.3125
-179.625
45.25
348.8125
-179.9375
45.3125
348.375
179.75
45.1875
348.0625
179.75
45.1875
348.0625
179.5625
44.8125
348.75
179.5
44.1875
348.75
179.5625
43.25
348.75
179.625
41.9375
348.625
179.625
41.9375
348.625
179.6875
40.375
348.4375
179.75
38.75
348.3125
179.6875
36.9375
348.25
179.4375
35.0625
348.4375
179.4375
35.0625
348.4375
179.0625
33.1875
348.6875
178.8125
31.4375
349.0625
178.625
29.75
349.4375
178.625
27.9375
349.75
178.625
27.9375
349.75
178.75
25.8125
350
